<?xml version="1.0" encoding="UTF-8"?>
<testng-results ignored="0" total="1" passed="1" failed="0" skipped="0">
  <reporter-output>
  </reporter-output>
  <suite started-at="2025-03-21T10:23:29 IST" name="Suite" finished-at="2025-03-21T10:23:37 IST" duration-ms="8048">
    <groups>
    </groups>
    <test started-at="2025-03-21T10:23:29 IST" name="Test" finished-at="2025-03-21T10:23:37 IST" duration-ms="8048">
      <class name="TestCase.LoginTest">
        <test-method is-config="true" signature="readData()[pri:0, instance:TestCase.LoginTest@2cdd0d4b]" started-at="2025-03-21T10:23:29 IST" name="readData" finished-at="2025-03-21T10:23:30 IST" duration-ms="239" status="PASS">
          <reporter-output>
          </reporter-output>
        </test-method> <!-- readData -->
        <test-method is-config="true" signature="setup(java.lang.String)[pri:0, instance:TestCase.LoginTest@2cdd0d4b]" started-at="2025-03-21T10:23:30 IST" name="setup" finished-at="2025-03-21T10:23:31 IST" duration-ms="1644" status="PASS">
          <params>
            <param index="0">
              <value>
                <![CDATA[chrome]]>
              </value>
            </param>
          </params>
          <reporter-output>
          </reporter-output>
        </test-method> <!-- setup -->
        <test-method signature="Login()[pri:0, instance:TestCase.LoginTest@2cdd0d4b]" started-at="2025-03-21T10:23:31 IST" name="Login" finished-at="2025-03-21T10:23:37 IST" duration-ms="5820" status="PASS">
          <reporter-output>
          </reporter-output>
        </test-method> <!-- Login -->
        <test-method is-config="true" signature="teardown()[pri:0, instance:TestCase.LoginTest@2cdd0d4b]" started-at="2025-03-21T10:23:37 IST" name="teardown" finished-at="2025-03-21T10:23:37 IST" duration-ms="298" status="PASS">
          <reporter-output>
          </reporter-output>
        </test-method> <!-- teardown -->
      </class> <!-- TestCase.LoginTest -->
    </test> <!-- Test -->
  </suite> <!-- Suite -->
</testng-results>
