<?xml version="1.0" encoding="UTF-8"?>
<testng-results ignored="0" total="3" passed="3" failed="0" skipped="0">
  <reporter-output>
  </reporter-output>
  <suite started-at="2025-03-21T17:18:50 IST" name="Suite" finished-at="2025-03-21T17:19:17 IST" duration-ms="26617">
    <groups>
    </groups>
    <test started-at="2025-03-21T17:18:50 IST" name="Test" finished-at="2025-03-21T17:19:17 IST" duration-ms="26617">
      <class name="TestCase.SignUpTest">
        <test-method is-config="true" signature="readData()[pri:0, instance:TestCase.SignUpTest@66982506]" started-at="2025-03-21T17:18:50 IST" name="readData" finished-at="2025-03-21T17:18:50 IST" duration-ms="0" status="PASS">
          <reporter-output>
          </reporter-output>
        </test-method> <!-- readData -->
        <test-method is-config="true" signature="setup(java.lang.String)[pri:0, instance:TestCase.SignUpTest@66982506]" started-at="2025-03-21T17:19:11 IST" name="setup" finished-at="2025-03-21T17:19:12 IST" duration-ms="1410" status="PASS">
          <params>
            <param index="0">
              <value>
                <![CDATA[chrome]]>
              </value>
            </param>
          </params>
          <reporter-output>
          </reporter-output>
        </test-method> <!-- setup -->
        <test-method signature="SignUpPageMethod()[pri:0, instance:TestCase.SignUpTest@66982506]" started-at="2025-03-21T17:19:12 IST" name="SignUpPageMethod" finished-at="2025-03-21T17:19:16 IST" duration-ms="3829" status="PASS">
          <reporter-output>
          </reporter-output>
        </test-method> <!-- SignUpPageMethod -->
        <test-method is-config="true" signature="teardown()[pri:0, instance:TestCase.SignUpTest@66982506]" started-at="2025-03-21T17:19:16 IST" name="teardown" finished-at="2025-03-21T17:19:17 IST" duration-ms="430" status="PASS">
          <reporter-output>
          </reporter-output>
        </test-method> <!-- teardown -->
      </class> <!-- TestCase.SignUpTest -->
      <class name="TestCase.LoginTest">
        <test-method is-config="true" signature="readData()[pri:0, instance:TestCase.LoginTest@4c163e3]" started-at="2025-03-21T17:18:50 IST" name="readData" finished-at="2025-03-21T17:18:50 IST" duration-ms="1" status="PASS">
          <reporter-output>
          </reporter-output>
        </test-method> <!-- readData -->
        <test-method is-config="true" signature="setup(java.lang.String)[pri:0, instance:TestCase.LoginTest@4c163e3]" started-at="2025-03-21T17:18:50 IST" name="setup" finished-at="2025-03-21T17:18:54 IST" duration-ms="3989" status="PASS">
          <params>
            <param index="0">
              <value>
                <![CDATA[chrome]]>
              </value>
            </param>
          </params>
          <reporter-output>
          </reporter-output>
        </test-method> <!-- setup -->
        <test-method signature="Login()[pri:0, instance:TestCase.LoginTest@4c163e3]" started-at="2025-03-21T17:18:54 IST" name="Login" finished-at="2025-03-21T17:18:59 IST" duration-ms="4801" status="PASS">
          <reporter-output>
          </reporter-output>
        </test-method> <!-- Login -->
        <test-method is-config="true" signature="teardown()[pri:0, instance:TestCase.LoginTest@4c163e3]" started-at="2025-03-21T17:18:59 IST" name="teardown" finished-at="2025-03-21T17:19:00 IST" duration-ms="549" status="PASS">
          <reporter-output>
          </reporter-output>
        </test-method> <!-- teardown -->
      </class> <!-- TestCase.LoginTest -->
      <class name="TestCase.CartPageTest">
        <test-method is-config="true" signature="readData()[pri:0, instance:TestCase.CartPageTest@72bc6553]" started-at="2025-03-21T17:18:50 IST" name="readData" finished-at="2025-03-21T17:18:50 IST" duration-ms="360" status="PASS">
          <reporter-output>
          </reporter-output>
        </test-method> <!-- readData -->
        <test-method is-config="true" signature="setup(java.lang.String)[pri:0, instance:TestCase.CartPageTest@72bc6553]" started-at="2025-03-21T17:19:00 IST" name="setup" finished-at="2025-03-21T17:19:01 IST" duration-ms="1504" status="PASS">
          <params>
            <param index="0">
              <value>
                <![CDATA[chrome]]>
              </value>
            </param>
          </params>
          <reporter-output>
          </reporter-output>
        </test-method> <!-- setup -->
        <test-method signature="Cart()[pri:0, instance:TestCase.CartPageTest@72bc6553]" started-at="2025-03-21T17:19:01 IST" name="Cart" finished-at="2025-03-21T17:19:11 IST" duration-ms="9360" status="PASS">
          <reporter-output>
          </reporter-output>
        </test-method> <!-- Cart -->
        <test-method is-config="true" signature="teardown()[pri:0, instance:TestCase.CartPageTest@72bc6553]" started-at="2025-03-21T17:19:11 IST" name="teardown" finished-at="2025-03-21T17:19:11 IST" duration-ms="323" status="PASS">
          <reporter-output>
          </reporter-output>
        </test-method> <!-- teardown -->
      </class> <!-- TestCase.CartPageTest -->
    </test> <!-- Test -->
  </suite> <!-- Suite -->
</testng-results>
